<?xml version="1.0" encoding="UTF-8"?>
<!-- Generated by org.testng.reporters.JUnitReportReporter -->
<testsuite hostname="Windows7" failures="0" tests="1" name="com.Vtiger.pomscripts.Tc_001_CreateOrg_DD_Test" time="31.591" errors="0" timestamp="2021-10-23T11:02:03 IST" skipped="0">
  <testcase classname="com.Vtiger.pomscripts.Tc_001_CreateOrg_DD_Test" name="Tc001_CreateOrgDDTest" time="31.591"/>
  <system-out/>
</testsuite> <!-- com.Vtiger.pomscripts.Tc_001_CreateOrg_DD_Test -->
