<?xml version="1.0" encoding="UTF-8"?>
<!-- Generated by org.testng.reporters.JUnitReportReporter -->
<testsuite hostname="Windows7" failures="0" tests="1" name="com.contact.Tc_003_CreateContact_StartDate_Test" time="58.102" errors="0" timestamp="2021-12-22T12:58:15 IST" skipped="0">
  <testcase classname="com.contact.Tc_003_CreateContact_StartDate_Test" name="Tc003_CreateContactwithStartDate" time="58.102"/>
  <system-out/>
</testsuite> <!-- com.contact.Tc_003_CreateContact_StartDate_Test -->
