<?xml version="1.0" encoding="UTF-8"?>
<!-- Generated by org.testng.reporters.JUnitReportReporter -->
<testsuite hostname="Windows7" failures="0" tests="1" name="com.Vtiger.Generic.Extentrepots" time="302.828" errors="0" timestamp="2021-10-26T17:47:40 IST" skipped="0">
  <testcase classname="com.Vtiger.Generic.Extentrepots" name="createcontact" time="302.828"/>
  <system-out/>
</testsuite> <!-- com.Vtiger.Generic.Extentrepots -->
