<?xml version="1.0" encoding="UTF-8"?>
<!-- Generated by org.testng.reporters.JUnitReportReporter -->
<testsuite hostname="Windows7" failures="0" tests="1" name="com.Vtiger.pomscripts.Tc_001_CreateOrg_DD_Test" time="42.797" errors="0" timestamp="2021-12-24T12:07:23 IST" skipped="0">
  <testcase classname="com.Vtiger.pomscripts.Tc_001_CreateOrg_DD_Test" name="Tc001_CreateOrgDDTest" time="42.797"/>
  <system-out/>
</testsuite> <!-- com.Vtiger.pomscripts.Tc_001_CreateOrg_DD_Test -->
