<?xml version="1.0" encoding="UTF-8"?>
<!-- Generated by org.testng.reporters.JUnitReportReporter -->
<testsuite hostname="Windows7" failures="0" tests="1" name="com.log4j.Login" time="6.275" errors="0" timestamp="2021-12-30T15:38:43 IST" skipped="0">
  <testcase classname="com.log4j.Login" name="login" time="6.275"/>
  <system-out/>
</testsuite> <!-- com.log4j.Login -->
