<?xml version="1.0" encoding="UTF-8"?>
<!-- Generated by org.testng.reporters.JUnitReportReporter -->
<testsuite hostname="Windows7" failures="0" tests="1" name="com.Vtiger.pomscripts.Tc_001_CreateContact_Test" time="45.949" errors="0" timestamp="2021-12-24T12:12:45 IST" skipped="0">
  <testcase classname="com.Vtiger.pomscripts.Tc_001_CreateContact_Test" name="TC001_CreateContact" time="45.949"/>
  <system-out/>
</testsuite> <!-- com.Vtiger.pomscripts.Tc_001_CreateContact_Test -->
