<?xml version="1.0" encoding="UTF-8"?>
<!-- Generated by org.testng.reporters.JUnitReportReporter -->
<testsuite hostname="Windows7" failures="0" tests="1" name="com.contact.Tc_005_CreateContact_Data_Test" time="48.972" errors="0" timestamp="2021-10-27T15:21:02 IST" skipped="0">
  <testcase classname="com.contact.Tc_005_CreateContact_Data_Test" name="Tc_CreateContactDatawithAddress" time="48.972"/>
  <system-out/>
</testsuite> <!-- com.contact.Tc_005_CreateContact_Data_Test -->
